Traceback (most recent call last):
  File "/home/pablodeas/Projects/python/send_mail_reminder/.venv/lib/python3.13/site-packages/sqlalchemy/engine/base.py", line 143, in __init__
    self._dbapi_connection = engine.raw_connection()
                             ~~~~~~~~~~~~~~~~~~~~~^^
  File "/home/pablodeas/Projects/python/send_mail_reminder/.venv/lib/python3.13/site-packages/sqlalchemy/engine/base.py", line 3301, in raw_connection
    return self.pool.connect()
           ~~~~~~~~~~~~~~~~~^^
  File "/home/pablodeas/Projects/python/send_mail_reminder/.venv/lib/python3.13/site-packages/sqlalchemy/pool/base.py", line 447, in connect
    return _ConnectionFairy._checkout(self)
           ~~~~~~~~~~~~~~~~~~~~~~~~~~^^^^^^
  File "/home/pablodeas/Projects/python/send_mail_reminder/.venv/lib/python3.13/site-packages/sqlalchemy/pool/base.py", line 1264, in _checkout
    fairy = _ConnectionRecord.checkout(pool)
  File "/home/pablodeas/Projects/python/send_mail_reminder/.venv/lib/python3.13/site-packages/sqlalchemy/pool/base.py", line 711, in checkout
    rec = pool._do_get()
  File "/home/pablodeas/Projects/python/send_mail_reminder/.venv/lib/python3.13/site-packages/sqlalchemy/pool/impl.py", line 177, in _do_get
    with util.safe_reraise():
         ~~~~~~~~~~~~~~~~~^^
  File "/home/pablodeas/Projects/python/send_mail_reminder/.venv/lib/python3.13/site-packages/sqlalchemy/util/langhelpers.py", line 224, in __exit__
    raise exc_value.with_traceback(exc_tb)
  File "/home/pablodeas/Projects/python/send_mail_reminder/.venv/lib/python3.13/site-packages/sqlalchemy/pool/impl.py", line 175, in _do_get
    return self._create_connection()
           ~~~~~~~~~~~~~~~~~~~~~~~^^
  File "/home/pablodeas/Projects/python/send_mail_reminder/.venv/lib/python3.13/site-packages/sqlalchemy/pool/base.py", line 388, in _create_connection
    return _ConnectionRecord(self)
  File "/home/pablodeas/Projects/python/send_mail_reminder/.venv/lib/python3.13/site-packages/sqlalchemy/pool/base.py", line 673, in __init__
    self.__connect()
    ~~~~~~~~~~~~~~^^
  File "/home/pablodeas/Projects/python/send_mail_reminder/.venv/lib/python3.13/site-packages/sqlalchemy/pool/base.py", line 899, in __connect
    with util.safe_reraise():
         ~~~~~~~~~~~~~~~~~^^
  File "/home/pablodeas/Projects/python/send_mail_reminder/.venv/lib/python3.13/site-packages/sqlalchemy/util/langhelpers.py", line 224, in __exit__
    raise exc_value.with_traceback(exc_tb)
  File "/home/pablodeas/Projects/python/send_mail_reminder/.venv/lib/python3.13/site-packages/sqlalchemy/pool/base.py", line 895, in __connect
    self.dbapi_connection = connection = pool._invoke_creator(self)
                                         ~~~~~~~~~~~~~~~~~~~~^^^^^^
  File "/home/pablodeas/Projects/python/send_mail_reminder/.venv/lib/python3.13/site-packages/sqlalchemy/engine/create.py", line 661, in connect
    return dialect.connect(*cargs, **cparams)
           ~~~~~~~~~~~~~~~^^^^^^^^^^^^^^^^^^^
  File "/home/pablodeas/Projects/python/send_mail_reminder/.venv/lib/python3.13/site-packages/sqlalchemy/engine/default.py", line 629, in connect
    return self.loaded_dbapi.connect(*cargs, **cparams)  # type: ignore[no-any-return]  # NOQA: E501
           ~~~~~~~~~~~~~~~~~~~~~~~~~^^^^^^^^^^^^^^^^^^^
sqlite3.OperationalError: unable to open database file

The above exception was the direct cause of the following exception:

Traceback (most recent call last):
  File "/home/pablodeas/Projects/python/send_mail_reminder/main.py", line 30, in <module>
    init_db()
    ~~~~~~~^^
  File "/home/pablodeas/Projects/python/send_mail_reminder/database.py", line 12, in init_db
    Base.metadata.create_all(engine)
    ~~~~~~~~~~~~~~~~~~~~~~~~^^^^^^^^
  File "/home/pablodeas/Projects/python/send_mail_reminder/.venv/lib/python3.13/site-packages/sqlalchemy/sql/schema.py", line 5928, in create_all
    bind._run_ddl_visitor(
    ~~~~~~~~~~~~~~~~~~~~~^
        ddl.SchemaGenerator, self, checkfirst=checkfirst, tables=tables
        ^^^^^^^^^^^^^^^^^^^^^^^^^^^^^^^^^^^^^^^^^^^^^^^^^^^^^^^^^^^^^^^
    )
    ^
  File "/home/pablodeas/Projects/python/send_mail_reminder/.venv/lib/python3.13/site-packages/sqlalchemy/engine/base.py", line 3251, in _run_ddl_visitor
    with self.begin() as conn:
         ~~~~~~~~~~^^
  File "/usr/lib/python3.13/contextlib.py", line 141, in __enter__
    return next(self.gen)
  File "/home/pablodeas/Projects/python/send_mail_reminder/.venv/lib/python3.13/site-packages/sqlalchemy/engine/base.py", line 3241, in begin
    with self.connect() as conn:
         ~~~~~~~~~~~~^^
  File "/home/pablodeas/Projects/python/send_mail_reminder/.venv/lib/python3.13/site-packages/sqlalchemy/engine/base.py", line 3277, in connect
    return self._connection_cls(self)
           ~~~~~~~~~~~~~~~~~~~~^^^^^^
  File "/home/pablodeas/Projects/python/send_mail_reminder/.venv/lib/python3.13/site-packages/sqlalchemy/engine/base.py", line 145, in __init__
    Connection._handle_dbapi_exception_noconnection(
    ~~~~~~~~~~~~~~~~~~~~~~~~~~~~~~~~~~~~~~~~~~~~~~~^
        err, dialect, engine
        ^^^^^^^^^^^^^^^^^^^^
    )
    ^
  File "/home/pablodeas/Projects/python/send_mail_reminder/.venv/lib/python3.13/site-packages/sqlalchemy/engine/base.py", line 2440, in _handle_dbapi_exception_noconnection
    raise sqlalchemy_exception.with_traceback(exc_info[2]) from e
  File "/home/pablodeas/Projects/python/send_mail_reminder/.venv/lib/python3.13/site-packages/sqlalchemy/engine/base.py", line 143, in __init__
    self._dbapi_connection = engine.raw_connection()
                             ~~~~~~~~~~~~~~~~~~~~~^^
  File "/home/pablodeas/Projects/python/send_mail_reminder/.venv/lib/python3.13/site-packages/sqlalchemy/engine/base.py", line 3301, in raw_connection
    return self.pool.connect()
           ~~~~~~~~~~~~~~~~~^^
  File "/home/pablodeas/Projects/python/send_mail_reminder/.venv/lib/python3.13/site-packages/sqlalchemy/pool/base.py", line 447, in connect
    return _ConnectionFairy._checkout(self)
           ~~~~~~~~~~~~~~~~~~~~~~~~~~^^^^^^
  File "/home/pablodeas/Projects/python/send_mail_reminder/.venv/lib/python3.13/site-packages/sqlalchemy/pool/base.py", line 1264, in _checkout
    fairy = _ConnectionRecord.checkout(pool)
  File "/home/pablodeas/Projects/python/send_mail_reminder/.venv/lib/python3.13/site-packages/sqlalchemy/pool/base.py", line 711, in checkout
    rec = pool._do_get()
  File "/home/pablodeas/Projects/python/send_mail_reminder/.venv/lib/python3.13/site-packages/sqlalchemy/pool/impl.py", line 177, in _do_get
    with util.safe_reraise():
         ~~~~~~~~~~~~~~~~~^^
  File "/home/pablodeas/Projects/python/send_mail_reminder/.venv/lib/python3.13/site-packages/sqlalchemy/util/langhelpers.py", line 224, in __exit__
    raise exc_value.with_traceback(exc_tb)
  File "/home/pablodeas/Projects/python/send_mail_reminder/.venv/lib/python3.13/site-packages/sqlalchemy/pool/impl.py", line 175, in _do_get
    return self._create_connection()
           ~~~~~~~~~~~~~~~~~~~~~~~^^
  File "/home/pablodeas/Projects/python/send_mail_reminder/.venv/lib/python3.13/site-packages/sqlalchemy/pool/base.py", line 388, in _create_connection
    return _ConnectionRecord(self)
  File "/home/pablodeas/Projects/python/send_mail_reminder/.venv/lib/python3.13/site-packages/sqlalchemy/pool/base.py", line 673, in __init__
    self.__connect()
    ~~~~~~~~~~~~~~^^
  File "/home/pablodeas/Projects/python/send_mail_reminder/.venv/lib/python3.13/site-packages/sqlalchemy/pool/base.py", line 899, in __connect
    with util.safe_reraise():
         ~~~~~~~~~~~~~~~~~^^
  File "/home/pablodeas/Projects/python/send_mail_reminder/.venv/lib/python3.13/site-packages/sqlalchemy/util/langhelpers.py", line 224, in __exit__
    raise exc_value.with_traceback(exc_tb)
  File "/home/pablodeas/Projects/python/send_mail_reminder/.venv/lib/python3.13/site-packages/sqlalchemy/pool/base.py", line 895, in __connect
    self.dbapi_connection = connection = pool._invoke_creator(self)
                                         ~~~~~~~~~~~~~~~~~~~~^^^^^^
  File "/home/pablodeas/Projects/python/send_mail_reminder/.venv/lib/python3.13/site-packages/sqlalchemy/engine/create.py", line 661, in connect
    return dialect.connect(*cargs, **cparams)
           ~~~~~~~~~~~~~~~^^^^^^^^^^^^^^^^^^^
  File "/home/pablodeas/Projects/python/send_mail_reminder/.venv/lib/python3.13/site-packages/sqlalchemy/engine/default.py", line 629, in connect
    return self.loaded_dbapi.connect(*cargs, **cparams)  # type: ignore[no-any-return]  # NOQA: E501
           ~~~~~~~~~~~~~~~~~~~~~~~~~^^^^^^^^^^^^^^^^^^^
sqlalchemy.exc.OperationalError: (sqlite3.OperationalError) unable to open database file
(Background on this error at: https://sqlalche.me/e/20/e3q8)
SUCCESS - Telegram
SUCCESS - Telegram
SUCCESS - Telegram
SUCCESS - Telegram
SUCCESS - Telegram
SUCCESS - Telegram
SUCCESS - Telegram
SUCCESS - Telegram
SUCCESS - Telegram
SUCCESS - Telegram
SUCCESS - Telegram
SUCCESS - Telegram
SUCCESS - Telegram
SUCCESS - Telegram
SUCCESS - Telegram
SUCCESS - Telegram
SUCCESS - Telegram
SUCCESS - Telegram
SUCCESS - Telegram
SUCCESS - Telegram
SUCCESS - Telegram
SUCCESS - Telegram
SUCCESS - Telegram
SUCCESS - Telegram
SUCCESS - Telegram
SUCCESS - Telegram
SUCCESS - Telegram
SUCCESS - Telegram
SUCCESS - Telegram
SUCCESS - Telegram
SUCCESS - Telegram
SUCCESS - Telegram
SUCCESS - Telegram
SUCCESS - Telegram
SUCCESS - Telegram
SUCCESS - Telegram
SUCCESS - Telegram
SUCCESS - Telegram
SUCCESS - Telegram
SUCCESS - Telegram
SUCCESS - Telegram
SUCCESS - Telegram
SUCCESS - Telegram
SUCCESS - Telegram
SUCCESS - Telegram
SUCCESS - Telegram
SUCCESS - Telegram
SUCCESS - Telegram
SUCCESS - Telegram
SUCCESS - Telegram
SUCCESS - Telegram
SUCCESS - Telegram
